<?xml version="1.0" encoding="UTF-8"?>
<!-- Generated by org.testng.reporters.JUnitXMLReporter -->
<testsuite ignored="0" hostname="LAPTOP-VHEBP6NB" failures="1" tests="3" name="Tests" time="24.891" errors="0" timestamp="2025-04-30T20:11:02 IST">
  <testcase classname="Learnings.Tests.SubmitOrderTest" name="submitOrder" time="7.552"/>
  <testcase classname="Learnings.Tests.SubmitOrderTest" name="submitOrder" time="7.764"/>
  <testcase classname="Learnings.Tests.SubmitOrderTest" name="MyOrders" time="2.255">
    <failure type="java.lang.AssertionError" message="expected [true] but found [false]">
      <![CDATA[java.lang.AssertionError: expected [true] but found [false]
at Learnings.Tests.SubmitOrderTest.MyOrders(SubmitOrderTest.java:93)
at java.base/java.util.ArrayList.forEach(ArrayList.java:1511)
... Removed 31 stack frames]]>
    </failure>
  </testcase> <!-- MyOrders -->
</testsuite> <!-- Tests -->
