<?xml version="1.0" encoding="UTF-8"?>
<!-- Generated by org.testng.reporters.JUnitXMLReporter -->
<testsuite ignored="0" hostname="LAPTOP-VHEBP6NB" failures="1" tests="3" name="Tests" time="19.018" errors="0" timestamp="2025-05-01T23:29:02 IST">
  <testcase classname="Learnings.Tests.SubmitOrderTest" name="submitOrder" time="2.577">
    <failure type="java.lang.AssertionError" message="expected [true] but found [false]">
      <![CDATA[java.lang.AssertionError: expected [true] but found [false]
at Learnings.Tests.SubmitOrderTest.submitOrder(SubmitOrderTest.java:66)
at java.base/java.util.ArrayList.forEach(ArrayList.java:1596)
... Removed 33 stack frames]]>
    </failure>
  </testcase> <!-- submitOrder -->
  <testcase classname="Learnings.Tests.SubmitOrderTest" name="submitOrder" time="8.466"/>
  <testcase classname="Learnings.Tests.SubmitOrderTest" name="MyOrders" time="0.0">
    <skipped/>
  </testcase> <!-- MyOrders -->
</testsuite> <!-- Tests -->
