<?xml version="1.0" encoding="UTF-8"?>
<!-- Generated by org.testng.reporters.JUnitXMLReporter -->
<testsuite ignored="0" hostname="LAPTOP-VHEBP6NB" failures="1" tests="3" name="Tests" time="40.068" errors="0" timestamp="2025-05-04T12:33:00 IST">
  <testcase classname="Learnings.Tests.SubmitOrderTest" name="submitOrder" time="11.028"/>
  <testcase classname="Learnings.Tests.SubmitOrderTest" name="submitOrder" time="14.024"/>
  <testcase classname="Learnings.Tests.SubmitOrderTest" name="MyOrders" time="1.29">
    <failure type="java.lang.AssertionError" message="expected [true] but found [false]">
      <![CDATA[java.lang.AssertionError: expected [true] but found [false]
at Learnings.Tests.SubmitOrderTest.MyOrders(SubmitOrderTest.java:86)
at java.base/java.util.ArrayList.forEach(ArrayList.java:1596)
... Removed 33 stack frames]]>
    </failure>
  </testcase> <!-- MyOrders -->
</testsuite> <!-- Tests -->
